2020-04-23 16:20:52 INFO  Hooks:24 - ================================================================================================
2020-04-23 16:20:52 INFO  Hooks:25 - ============================== Scenario Name: Verify if user is able to add user details using POST method =============================
2020-04-23 16:20:52 INFO  Hooks:26 - ================================================================================================
2020-04-23 16:20:57 ERROR Hooks:33 - ++++++++++++++++++++++++++++++++++++++++++++++++++++++++++++++++++++++++++++++++++++++++++++++++
2020-04-23 16:20:57 ERROR Hooks:34 - ++++++++++++++++++++++++++ Failed: Scenario Name- Verify if user is able to add user details using POST method++++++++++++++++++++++++++
2020-04-23 16:20:57 ERROR Hooks:35 - ++++++++++++++++++++++++++++++++++++++++++++++++++++++++++++++++++++++++++++++++++++++++++++++++
2020-04-23 16:20:57 INFO  Hooks:24 - ================================================================================================
2020-04-23 16:20:57 INFO  Hooks:25 - ============================== Scenario Name: Verify if user is able to get pets details using GET method =============================
2020-04-23 16:20:57 INFO  Hooks:26 - ================================================================================================
2020-04-23 16:20:58 INFO  Hooks:37 - ------------------------------------------------------------------------------------------------
2020-04-23 16:20:58 INFO  Hooks:38 - -------------------------- Passed: Scenario Name- Verify if user is able to get pets details using GET method -------------------------
2020-04-23 16:20:58 INFO  Hooks:39 - ------------------------------------------------------------------------------------------------
2020-04-23 16:20:58 INFO  Hooks:24 - ================================================================================================
2020-04-23 16:20:58 INFO  Hooks:25 - ============================== Scenario Name: Verify if user is able to get pets details using GET method =============================
2020-04-23 16:20:58 INFO  Hooks:26 - ================================================================================================
2020-04-23 16:20:58 INFO  Hooks:37 - ------------------------------------------------------------------------------------------------
2020-04-23 16:20:58 INFO  Hooks:38 - -------------------------- Passed: Scenario Name- Verify if user is able to get pets details using GET method -------------------------
2020-04-23 16:20:58 INFO  Hooks:39 - ------------------------------------------------------------------------------------------------
2020-04-23 16:24:03 INFO  Hooks:24 - ================================================================================================
2020-04-23 16:24:03 INFO  Hooks:25 - ============================== Scenario Name: Verify if user is able to add user details using POST method =============================
2020-04-23 16:24:03 INFO  Hooks:26 - ================================================================================================
2020-04-23 16:24:10 ERROR Hooks:33 - ++++++++++++++++++++++++++++++++++++++++++++++++++++++++++++++++++++++++++++++++++++++++++++++++
2020-04-23 16:24:10 ERROR Hooks:34 - ++++++++++++++++++++++++++ Failed: Scenario Name- Verify if user is able to add user details using POST method++++++++++++++++++++++++++
2020-04-23 16:24:10 ERROR Hooks:35 - ++++++++++++++++++++++++++++++++++++++++++++++++++++++++++++++++++++++++++++++++++++++++++++++++
2020-04-23 16:26:07 INFO  Hooks:24 - ================================================================================================
2020-04-23 16:26:07 INFO  Hooks:25 - ============================== Scenario Name: Verify if user is able to add user details using POST method =============================
2020-04-23 16:26:07 INFO  Hooks:26 - ================================================================================================
2020-04-23 16:26:12 ERROR Hooks:33 - ++++++++++++++++++++++++++++++++++++++++++++++++++++++++++++++++++++++++++++++++++++++++++++++++
2020-04-23 16:26:12 ERROR Hooks:34 - ++++++++++++++++++++++++++ Failed: Scenario Name- Verify if user is able to add user details using POST method++++++++++++++++++++++++++
2020-04-23 16:26:12 ERROR Hooks:35 - ++++++++++++++++++++++++++++++++++++++++++++++++++++++++++++++++++++++++++++++++++++++++++++++++
2020-04-23 16:27:30 INFO  Hooks:24 - ================================================================================================
2020-04-23 16:27:30 INFO  Hooks:25 - ============================== Scenario Name: Verify if user is able to add user details using POST method =============================
2020-04-23 16:27:30 INFO  Hooks:26 - ================================================================================================
2020-04-23 16:27:35 ERROR Hooks:33 - ++++++++++++++++++++++++++++++++++++++++++++++++++++++++++++++++++++++++++++++++++++++++++++++++
2020-04-23 16:27:35 ERROR Hooks:34 - ++++++++++++++++++++++++++ Failed: Scenario Name- Verify if user is able to add user details using POST method++++++++++++++++++++++++++
2020-04-23 16:27:35 ERROR Hooks:35 - ++++++++++++++++++++++++++++++++++++++++++++++++++++++++++++++++++++++++++++++++++++++++++++++++
2020-04-23 16:28:09 INFO  Hooks:24 - ================================================================================================
2020-04-23 16:28:09 INFO  Hooks:25 - ============================== Scenario Name: Verify if user is able to add user details using POST method =============================
2020-04-23 16:28:09 INFO  Hooks:26 - ================================================================================================
2020-04-23 16:28:15 INFO  Hooks:37 - ------------------------------------------------------------------------------------------------
2020-04-23 16:28:15 INFO  Hooks:38 - -------------------------- Passed: Scenario Name- Verify if user is able to add user details using POST method -------------------------
2020-04-23 16:28:15 INFO  Hooks:39 - ------------------------------------------------------------------------------------------------
2020-04-23 16:28:45 INFO  Hooks:24 - ================================================================================================
2020-04-23 16:28:45 INFO  Hooks:25 - ============================== Scenario Name: Verify if user is able to add user details using POST method =============================
2020-04-23 16:28:45 INFO  Hooks:26 - ================================================================================================
2020-04-23 16:28:49 INFO  Hooks:37 - ------------------------------------------------------------------------------------------------
2020-04-23 16:28:49 INFO  Hooks:38 - -------------------------- Passed: Scenario Name- Verify if user is able to add user details using POST method -------------------------
2020-04-23 16:28:49 INFO  Hooks:39 - ------------------------------------------------------------------------------------------------
2020-04-23 16:28:49 INFO  Hooks:24 - ================================================================================================
2020-04-23 16:28:49 INFO  Hooks:25 - ============================== Scenario Name: Verify if user is able to get pets details using GET method =============================
2020-04-23 16:28:49 INFO  Hooks:26 - ================================================================================================
2020-04-23 16:28:51 ERROR Hooks:33 - ++++++++++++++++++++++++++++++++++++++++++++++++++++++++++++++++++++++++++++++++++++++++++++++++
2020-04-23 16:28:51 ERROR Hooks:34 - ++++++++++++++++++++++++++ Failed: Scenario Name- Verify if user is able to get pets details using GET method++++++++++++++++++++++++++
2020-04-23 16:28:51 ERROR Hooks:35 - ++++++++++++++++++++++++++++++++++++++++++++++++++++++++++++++++++++++++++++++++++++++++++++++++
2020-04-23 16:28:51 INFO  Hooks:24 - ================================================================================================
2020-04-23 16:28:51 INFO  Hooks:25 - ============================== Scenario Name: Verify if user is able to get pets details using GET method =============================
2020-04-23 16:28:51 INFO  Hooks:26 - ================================================================================================
2020-04-23 16:28:51 INFO  Hooks:37 - ------------------------------------------------------------------------------------------------
2020-04-23 16:28:51 INFO  Hooks:38 - -------------------------- Passed: Scenario Name- Verify if user is able to get pets details using GET method -------------------------
2020-04-23 16:28:51 INFO  Hooks:39 - ------------------------------------------------------------------------------------------------
2020-04-23 16:44:29 INFO  Hooks:24 - ================================================================================================
2020-04-23 16:44:29 INFO  Hooks:25 - ============================== Scenario Name: Verify if user is able to add user details using POST method =============================
2020-04-23 16:44:29 INFO  Hooks:26 - ================================================================================================
2020-04-23 16:44:34 INFO  Hooks:37 - ------------------------------------------------------------------------------------------------
2020-04-23 16:44:34 INFO  Hooks:38 - -------------------------- Passed: Scenario Name- Verify if user is able to add user details using POST method -------------------------
2020-04-23 16:44:34 INFO  Hooks:39 - ------------------------------------------------------------------------------------------------
2020-04-23 16:44:34 INFO  Hooks:24 - ================================================================================================
2020-04-23 16:44:34 INFO  Hooks:25 - ============================== Scenario Name: Verify if user is able to get pets details using GET method =============================
2020-04-23 16:44:34 INFO  Hooks:26 - ================================================================================================
2020-04-23 16:44:36 ERROR Hooks:33 - ++++++++++++++++++++++++++++++++++++++++++++++++++++++++++++++++++++++++++++++++++++++++++++++++
2020-04-23 16:44:36 ERROR Hooks:34 - ++++++++++++++++++++++++++ Failed: Scenario Name- Verify if user is able to get pets details using GET method++++++++++++++++++++++++++
2020-04-23 16:44:36 ERROR Hooks:35 - ++++++++++++++++++++++++++++++++++++++++++++++++++++++++++++++++++++++++++++++++++++++++++++++++
2020-04-23 16:44:36 INFO  Hooks:24 - ================================================================================================
2020-04-23 16:44:36 INFO  Hooks:25 - ============================== Scenario Name: Verify if user is able to get pets details using GET method =============================
2020-04-23 16:44:36 INFO  Hooks:26 - ================================================================================================
2020-04-23 16:44:36 INFO  Hooks:37 - ------------------------------------------------------------------------------------------------
2020-04-23 16:44:36 INFO  Hooks:38 - -------------------------- Passed: Scenario Name- Verify if user is able to get pets details using GET method -------------------------
2020-04-23 16:44:36 INFO  Hooks:39 - ------------------------------------------------------------------------------------------------
2020-04-23 16:57:29 INFO  Hooks:24 - ================================================================================================
2020-04-23 16:57:29 INFO  Hooks:25 - ============================== Scenario Name: Verify if user is able to add user details using POST method =============================
2020-04-23 16:57:29 INFO  Hooks:26 - ================================================================================================
2020-04-23 16:57:33 INFO  Hooks:37 - ------------------------------------------------------------------------------------------------
2020-04-23 16:57:33 INFO  Hooks:38 - -------------------------- Passed: Scenario Name- Verify if user is able to add user details using POST method -------------------------
2020-04-23 16:57:33 INFO  Hooks:39 - ------------------------------------------------------------------------------------------------
2020-04-23 16:57:33 INFO  Hooks:24 - ================================================================================================
2020-04-23 16:57:33 INFO  Hooks:25 - ============================== Scenario Name: Verify if user is able to get pets details using GET method =============================
2020-04-23 16:57:33 INFO  Hooks:26 - ================================================================================================
2020-04-23 16:57:34 ERROR Hooks:33 - ++++++++++++++++++++++++++++++++++++++++++++++++++++++++++++++++++++++++++++++++++++++++++++++++
2020-04-23 16:57:34 ERROR Hooks:34 - ++++++++++++++++++++++++++ Failed: Scenario Name- Verify if user is able to get pets details using GET method++++++++++++++++++++++++++
2020-04-23 16:57:34 ERROR Hooks:35 - ++++++++++++++++++++++++++++++++++++++++++++++++++++++++++++++++++++++++++++++++++++++++++++++++
2020-04-23 16:57:34 INFO  Hooks:24 - ================================================================================================
2020-04-23 16:57:34 INFO  Hooks:25 - ============================== Scenario Name: Verify if user is able to get pets details using GET method =============================
2020-04-23 16:57:34 INFO  Hooks:26 - ================================================================================================
2020-04-23 16:57:35 INFO  Hooks:37 - ------------------------------------------------------------------------------------------------
2020-04-23 16:57:35 INFO  Hooks:38 - -------------------------- Passed: Scenario Name- Verify if user is able to get pets details using GET method -------------------------
2020-04-23 16:57:35 INFO  Hooks:39 - ------------------------------------------------------------------------------------------------
2020-05-13 21:34:07 INFO  Hooks:24 - ================================================================================================
2020-05-13 21:34:07 INFO  Hooks:25 - ============================== Scenario Name: Verify if user is able to add user details using POST method =============================
2020-05-13 21:34:07 INFO  Hooks:26 - ================================================================================================
2020-05-13 21:34:13 INFO  Hooks:37 - ------------------------------------------------------------------------------------------------
2020-05-13 21:34:13 INFO  Hooks:38 - -------------------------- Passed: Scenario Name- Verify if user is able to add user details using POST method -------------------------
2020-05-13 21:34:13 INFO  Hooks:39 - ------------------------------------------------------------------------------------------------
2020-05-13 21:34:13 INFO  Hooks:24 - ================================================================================================
2020-05-13 21:34:13 INFO  Hooks:25 - ============================== Scenario Name: Verify if user is able to get pets details using GET method =============================
2020-05-13 21:34:13 INFO  Hooks:26 - ================================================================================================
2020-05-13 21:34:15 ERROR Hooks:33 - ++++++++++++++++++++++++++++++++++++++++++++++++++++++++++++++++++++++++++++++++++++++++++++++++
2020-05-13 21:34:15 ERROR Hooks:34 - ++++++++++++++++++++++++++ Failed: Scenario Name- Verify if user is able to get pets details using GET method++++++++++++++++++++++++++
2020-05-13 21:34:15 ERROR Hooks:35 - ++++++++++++++++++++++++++++++++++++++++++++++++++++++++++++++++++++++++++++++++++++++++++++++++
2020-05-13 21:34:15 INFO  Hooks:24 - ================================================================================================
2020-05-13 21:34:15 INFO  Hooks:25 - ============================== Scenario Name: Verify if user is able to get pets details using GET method =============================
2020-05-13 21:34:15 INFO  Hooks:26 - ================================================================================================
2020-05-13 21:34:16 INFO  Hooks:37 - ------------------------------------------------------------------------------------------------
2020-05-13 21:34:16 INFO  Hooks:38 - -------------------------- Passed: Scenario Name- Verify if user is able to get pets details using GET method -------------------------
2020-05-13 21:34:16 INFO  Hooks:39 - ------------------------------------------------------------------------------------------------
2020-05-13 21:35:44 INFO  Hooks:24 - ================================================================================================
2020-05-13 21:35:44 INFO  Hooks:25 - ============================== Scenario Name: Verify if user is able to add user details using POST method =============================
2020-05-13 21:35:44 INFO  Hooks:26 - ================================================================================================
2020-05-13 21:35:48 ERROR Hooks:33 - ++++++++++++++++++++++++++++++++++++++++++++++++++++++++++++++++++++++++++++++++++++++++++++++++
2020-05-13 21:35:48 ERROR Hooks:34 - ++++++++++++++++++++++++++ Failed: Scenario Name- Verify if user is able to add user details using POST method++++++++++++++++++++++++++
2020-05-13 21:35:48 ERROR Hooks:35 - ++++++++++++++++++++++++++++++++++++++++++++++++++++++++++++++++++++++++++++++++++++++++++++++++
2020-05-13 21:35:48 INFO  Hooks:24 - ================================================================================================
2020-05-13 21:35:48 INFO  Hooks:25 - ============================== Scenario Name: Verify if user is able to get pets details using GET method =============================
2020-05-13 21:35:48 INFO  Hooks:26 - ================================================================================================
2020-05-13 21:35:48 ERROR Hooks:33 - ++++++++++++++++++++++++++++++++++++++++++++++++++++++++++++++++++++++++++++++++++++++++++++++++
2020-05-13 21:35:48 ERROR Hooks:34 - ++++++++++++++++++++++++++ Failed: Scenario Name- Verify if user is able to get pets details using GET method++++++++++++++++++++++++++
2020-05-13 21:35:48 ERROR Hooks:35 - ++++++++++++++++++++++++++++++++++++++++++++++++++++++++++++++++++++++++++++++++++++++++++++++++
2020-05-13 21:35:48 INFO  Hooks:24 - ================================================================================================
2020-05-13 21:35:48 INFO  Hooks:25 - ============================== Scenario Name: Verify if user is able to get pets details using GET method =============================
2020-05-13 21:35:48 INFO  Hooks:26 - ================================================================================================
2020-05-13 21:35:49 ERROR Hooks:33 - ++++++++++++++++++++++++++++++++++++++++++++++++++++++++++++++++++++++++++++++++++++++++++++++++
2020-05-13 21:35:49 ERROR Hooks:34 - ++++++++++++++++++++++++++ Failed: Scenario Name- Verify if user is able to get pets details using GET method++++++++++++++++++++++++++
2020-05-13 21:35:49 ERROR Hooks:35 - ++++++++++++++++++++++++++++++++++++++++++++++++++++++++++++++++++++++++++++++++++++++++++++++++
